Creating bundle at: /Users/joshua/ws/active_fast_fixed.c4m_bundle
Scanning: /Users/joshua/ws/active
FAST MODE: Skipping C4 ID computation for structural testing
[00:00:00] Phase 1: Counting directories...
[00:00:18] Found 910149 total entries
[00:00:18] Phase 2: Scanning with proper ordering...
[00:00:42] Phase 3: Chunking entries...
[00:00:42] Wrote chunk 1 (100000 entries)
[00:00:42] Wrote chunk 2 (100000 entries)
[00:00:42] Wrote chunk 3 (100000 entries)
[00:00:42] Wrote chunk 4 (100000 entries)
[00:00:42] Wrote chunk 5 (100000 entries)
[00:00:42] Wrote chunk 6 (100000 entries)
[00:00:42] Wrote chunk 7 (100000 entries)
[00:00:42] Wrote chunk 8 (100000 entries)
[00:00:42] Wrote chunk 9 (100000 entries)
[00:00:42] Wrote chunk 10 (10145 entries)
[00:00:42] 
Scan complete: 910145 entries in 10 chunks
Fast scan completed successfully!
Total entries: 910145
Chunks written: 10
